Build started 1/22/2020 11:19:29 PM.
     1>Project "C:\Users\momo\Downloads\gameframework2d-master\gameframework2d-master\2d\2d\2d.vcxproj" on node 2 (Build target(s)).
     1>ClCompile:
         C:\Program Files (x86)\Microsoft Visual Studio 12.0\VC\bin\CL.exe /c /Zi /nologo /W3 /WX- /sdl /O2 /Oi /Oy- /GL /D _MBCS /Gm- /EHsc /MD /GS /Gy /fp:precise /Zc:wchar_t /Zc:forScope /Fo"Release\\" /Fd"Release\vc120.pdb" /Gd /TC /analyze- /errorReport:prompt ..\..\src\gf2d_sprite.c
         gf2d_sprite.c
     1>..\..\src\gf2d_sprite.c(47): warning C4113: 'void (__cdecl *)()' differs in parameter lists from 'void (__cdecl *)(void)'
     1>..\..\src\gf2d_sprite.c(69): warning C4018: '<' : signed/unsigned mismatch
     1>..\..\src\gf2d_sprite.c(79): warning C4018: '<' : signed/unsigned mismatch
     1>..\..\src\gf2d_sprite.c(88): warning C4018: '<' : signed/unsigned mismatch
     1>..\..\src\gf2d_sprite.c(104): warning C4018: '<' : signed/unsigned mismatch
     1>..\..\src\gf2d_sprite.c(183): error C4996: 'strncpy': This function or variable may be unsafe. Consider using strncpy_s instead. To disable deprecation, use _CRT_SECURE_NO_WARNINGS. See online help for details.
                 C:\Program Files (x86)\Microsoft Visual Studio 12.0\VC\include\string.h(195) : see declaration of 'strncpy'
     1>..\..\src\gf2d_sprite.c(233): warning C4244: '=' : conversion from 'float' to 'int', possible loss of data
     1>..\..\src\gf2d_sprite.c(234): warning C4244: '*=' : conversion from 'float' to 'int', possible loss of data
     1>..\..\src\gf2d_sprite.c(235): warning C4244: '*=' : conversion from 'float' to 'int', possible loss of data
     1>..\..\src\gf2d_sprite.c(246): warning C4244: 'function' : conversion from 'float' to 'Uint8', possible loss of data
     1>..\..\src\gf2d_sprite.c(247): warning C4244: 'function' : conversion from 'float' to 'Uint8', possible loss of data
     1>..\..\src\gf2d_sprite.c(248): warning C4244: 'function' : conversion from 'float' to 'Uint8', possible loss of data
     1>..\..\src\gf2d_sprite.c(251): warning C4244: 'function' : conversion from 'float' to 'Uint8', possible loss of data
     1>..\..\src\gf2d_sprite.c(266): warning C4244: '=' : conversion from 'float' to 'int', possible loss of data
     1>Done Building Project "C:\Users\momo\Downloads\gameframework2d-master\gameframework2d-master\2d\2d\2d.vcxproj" (Build target(s)) -- FAILED.

Build FAILED.

Time Elapsed 00:00:00.41
